0 info it worked if it ends with ok
1 verbose cli [ '/usr/local/bin/node', '/usr/local/bin/npm', 'start' ]
2 info using npm@3.10.2
3 info using node@v6.2.1
4 verbose run-script [ 'prestart', 'start', 'poststart' ]
5 info lifecycle Zeolearn-SPA@0.0.0~prestart: Zeolearn-SPA@0.0.0
6 silly lifecycle Zeolearn-SPA@0.0.0~prestart: no script for prestart, continuing
7 info lifecycle Zeolearn-SPA@0.0.0~start: Zeolearn-SPA@0.0.0
8 verbose lifecycle Zeolearn-SPA@0.0.0~start: unsafe-perm in lifecycle true
9 verbose lifecycle Zeolearn-SPA@0.0.0~start: PATH: /usr/local/lib/node_modules/npm/bin/node-gyp-bin:/Users/abhijitchoudhury/Google Drive/Trainer/kitchen-sink/h5c3-sevices-kitchen-sink/spa/server/node_modules/.bin:/usr/local/bin:/Users/abhijitchoudhury/.rbenv/versions/2.2.0/bin:i/Users/abhijitchoudhury/Developer/SDKs/gradle-2.6/bin:/Users/abhijitchoudhury/Developer/Projects/tryouts/webRTC/depot_tools:/Users/abhijitchoudhury/.rvm/gems/ruby-2.3.0/bin:/Users/abhijitchoudhury/.rvm/gems/ruby-2.3.0@global/bin:/Users/abhijitchoudhury/.rvm/rubies/ruby-2.3.0/bin:/opt/local/bin:/opt/local/sbin:/Users/abhijitchoudhury/Developer/Tools/gradle-2.9/bin:/Library/Frameworks/Python.framework/Versions/2.7/bin:/Users/abhijitchoudhury/.rbenv/shims:/Users/abhijitchoudhury/.rbenv/shims:/Applications/Atom.app/Contents/MacOS:/opt/local/bin:/opt/local/sbin:/opt/local/bin:/opt/local/sbin:/Users/abhijitchoudhury/Library/Android/sdk:/Users/abhijitchoudhury/Library/Android/sdk/tools/:/Users/abhijitchoudhury/Library/Android/sdk/platform-tools/:/usr/local/bin:/usr/bin:/bin:/usr/sbin:/sbin:/opt/X11/bin:/Users/abhijitchoudhury/.rvm/bin:/Users/abhijitchoudhury/.rvm/bin
10 verbose lifecycle Zeolearn-SPA@0.0.0~start: CWD: /Users/abhijitchoudhury/Google Drive/Trainer/kitchen-sink/h5c3-sevices-kitchen-sink/spa/server
11 silly lifecycle Zeolearn-SPA@0.0.0~start: Args: [ '-c', 'node ./bin/www' ]
12 silly lifecycle Zeolearn-SPA@0.0.0~start: Returned: code: 1  signal: null
13 info lifecycle Zeolearn-SPA@0.0.0~start: Failed to exec start script
14 verbose stack Error: Zeolearn-SPA@0.0.0 start: `node ./bin/www`
14 verbose stack Exit status 1
14 verbose stack     at EventEmitter.<anonymous> (/usr/local/lib/node_modules/npm/lib/utils/lifecycle.js:242:16)
14 verbose stack     at emitTwo (events.js:106:13)
14 verbose stack     at EventEmitter.emit (events.js:191:7)
14 verbose stack     at ChildProcess.<anonymous> (/usr/local/lib/node_modules/npm/lib/utils/spawn.js:40:14)
14 verbose stack     at emitTwo (events.js:106:13)
14 verbose stack     at ChildProcess.emit (events.js:191:7)
14 verbose stack     at maybeClose (internal/child_process.js:852:16)
14 verbose stack     at Process.ChildProcess._handle.onexit (internal/child_process.js:215:5)
15 verbose pkgid Zeolearn-SPA@0.0.0
16 verbose cwd /Users/abhijitchoudhury/Google Drive/Trainer/kitchen-sink/h5c3-sevices-kitchen-sink/spa/server
17 error Darwin 15.5.0
18 error argv "/usr/local/bin/node" "/usr/local/bin/npm" "start"
19 error node v6.2.1
20 error npm  v3.10.2
21 error code ELIFECYCLE
22 error Zeolearn-SPA@0.0.0 start: `node ./bin/www`
22 error Exit status 1
23 error Failed at the Zeolearn-SPA@0.0.0 start script 'node ./bin/www'.
23 error Make sure you have the latest version of node.js and npm installed.
23 error If you do, this is most likely a problem with the Zeolearn-SPA package,
23 error not with npm itself.
23 error Tell the author that this fails on your system:
23 error     node ./bin/www
23 error You can get information on how to open an issue for this project with:
23 error     npm bugs Zeolearn-SPA
23 error Or if that isn't available, you can get their info via:
23 error     npm owner ls Zeolearn-SPA
23 error There is likely additional logging output above.
24 verbose exit [ 1, true ]
